Build started 12/4/2017 1:51:53 PM.
     1>Project "C:\Users\Century\Documents\Visual Studio 2013\Projects\Algorithms Search Logic\Algorithms Search Logic.vcxproj" on node 2 (Build target(s)).
     1>ClCompile:
         C:\Program Files (x86)\Microsoft Visual Studio 12.0\VC\bin\CL.exe /c /ZI /nologo /W3 /WX- /sdl /Od /Oy- /D _MBCS /Gm /EHsc /RTC1 /MDd /GS /fp:precise /Zc:wchar_t /Zc:forScope /Fo"Debug\\" /Fd"Debug\vc120.pdb" /Gd /TP /analyze- /errorReport:prompt main.cpp
         main.cpp
     1>c:\users\century\documents\visual studio 2013\projects\algorithms search logic\main.cpp(131): warning C4566: character represented by universal-character-name '\u2557' cannot be represented in the current code page (1252)
       Link:
         C:\Program Files (x86)\Microsoft Visual Studio 12.0\VC\bin\link.exe /ERRORREPORT:PROMPT /OUT:"C:\Users\Century\Documents\Visual Studio 2013\Projects\Algorithms Search Logic\Debug\Algorithms Search Logic.exe" /INCREMENTAL /NOLOGO kernel32.lib user32.lib gdi32.lib winspool.lib comdlg32.lib advapi32.lib shell32.lib ole32.lib oleaut32.lib uuid.lib odbc32.lib odbccp32.lib /MANIFEST /MANIFESTUAC:"level='asInvoker' uiAccess='false'" /manifest:embed /DEBUG /PDB:"C:\Users\Century\Documents\Visual Studio 2013\Projects\Algorithms Search Logic\Debug\Algorithms Search Logic.pdb" /TLBID:1 /DYNAMICBASE /NXCOMPAT /IMPLIB:"C:\Users\Century\Documents\Visual Studio 2013\Projects\Algorithms Search Logic\Debug\Algorithms Search Logic.lib" /MACHINE:X86 Debug\BinarySearch.obj
         Debug\Bubblesort.obj
         Debug\crypt.obj
         Debug\Linkedlist.obj
         Debug\main.obj
         Debug\Mergesort.obj
         Debug\Queue.obj
         Debug\Quicksort.obj
         Debug\Stack.obj
         Debug\Tree.obj
         Algorithms Search Logic.vcxproj -> C:\Users\Century\Documents\Visual Studio 2013\Projects\Algorithms Search Logic\Debug\Algorithms Search Logic.exe
     1>Done Building Project "C:\Users\Century\Documents\Visual Studio 2013\Projects\Algorithms Search Logic\Algorithms Search Logic.vcxproj" (Build target(s)).

Build succeeded.

Time Elapsed 00:00:01.25
